Error: 'Year'
Data: {'Temparature': 0, 'Humidity': 0, 'Moisture': 0, 'Nitrogen': 0, 'Potassium': 0, 'Phosphorous': 0, 'Fertilizer Name': '', 'Soil Type': '', 'Crop Type': ''}
Traceback: Traceback (most recent call last):
  File "C:\Users\Hassan\AppData\Local\Programs\Python\Python312\Lib\site-packages\pandas\core\indexes\base.py", line 3812, in get_loc
    return self._engine.get_loc(casted_key)
           ^^^^^^^^^^^^^^^^^^^^^^^^^^^^^^^^
  File "pandas/_libs/index.pyx", line 167, in pandas._libs.index.IndexEngine.get_loc
  File "pandas/_libs/index.pyx", line 196, in pandas._libs.index.IndexEngine.get_loc
  File "pandas/_libs/hashtable_class_helper.pxi", line 7088, in pandas._libs.hashtable.PyObjectHashTable.get_item
  File "pandas/_libs/hashtable_class_helper.pxi", line 7096, in pandas._libs.hashtable.PyObjectHashTable.get_item
KeyError: 'Year'

The above exception was the direct cause of the following exception:

Traceback (most recent call last):
  File "D:\Agriculture-yield-prediction\backend\routes\predictions.py", line 37, in predict_yield
    predicted_yield = loader.predict_yield(data)
                      ^^^^^^^^^^^^^^^^^^^^^^^^^^
  File "D:\Agriculture-yield-prediction\backend\ml_models\model_loader.py", line 44, in predict_yield
    return self.yield_model.predict(input_data, self.yield_scaler)
           ^^^^^^^^^^^^^^^^^^^^^^^^^^^^^^^^^^^^^^^^^^^^^^^^^^^^^^^
  File "D:\Agriculture-yield-prediction\backend\ml_models\crop_yield_model.py", line 91, in predict
    df = self.preprocess(input_data, scaler)
         ^^^^^^^^^^^^^^^^^^^^^^^^^^^^^^^^^^^
  File "D:\Agriculture-yield-prediction\backend\ml_models\crop_yield_model.py", line 58, in preprocess
    if isinstance(df['Year'].iloc[0], str) and '-' in df['Year'].iloc[0]:
                  ~~^^^^^^^^
  File "C:\Users\Hassan\AppData\Local\Programs\Python\Python312\Lib\site-packages\pandas\core\frame.py", line 4107, in __getitem__
    indexer = self.columns.get_loc(key)
              ^^^^^^^^^^^^^^^^^^^^^^^^^
  File "C:\Users\Hassan\AppData\Local\Programs\Python\Python312\Lib\site-packages\pandas\core\indexes\base.py", line 3819, in get_loc
    raise KeyError(key) from err
KeyError: 'Year'


Error: 'Year'
Data: {'Temparature': 0, 'Humidity': 0, 'Moisture': 0, 'Nitrogen': 0, 'Potassium': 0, 'Phosphorous': 0, 'Fertilizer Name': '', 'Soil Type': '', 'Crop Type': ''}
Traceback: Traceback (most recent call last):
  File "C:\Users\Hassan\AppData\Local\Programs\Python\Python312\Lib\site-packages\pandas\core\indexes\base.py", line 3812, in get_loc
    return self._engine.get_loc(casted_key)
           ^^^^^^^^^^^^^^^^^^^^^^^^^^^^^^^^
  File "pandas/_libs/index.pyx", line 167, in pandas._libs.index.IndexEngine.get_loc
  File "pandas/_libs/index.pyx", line 196, in pandas._libs.index.IndexEngine.get_loc
  File "pandas/_libs/hashtable_class_helper.pxi", line 7088, in pandas._libs.hashtable.PyObjectHashTable.get_item
  File "pandas/_libs/hashtable_class_helper.pxi", line 7096, in pandas._libs.hashtable.PyObjectHashTable.get_item
KeyError: 'Year'

The above exception was the direct cause of the following exception:

Traceback (most recent call last):
  File "D:\Agriculture-yield-prediction\backend\routes\predictions.py", line 37, in predict_yield
    predicted_yield = loader.predict_yield(data)
                      ^^^^^^^^^^^^^^^^^^^^^^^^^^
  File "D:\Agriculture-yield-prediction\backend\ml_models\model_loader.py", line 44, in predict_yield
    return self.yield_model.predict(input_data, self.yield_scaler)
           ^^^^^^^^^^^^^^^^^^^^^^^^^^^^^^^^^^^^^^^^^^^^^^^^^^^^^^^
  File "D:\Agriculture-yield-prediction\backend\ml_models\crop_yield_model.py", line 91, in predict
    df = self.preprocess(input_data, scaler)
         ^^^^^^^^^^^^^^^^^^^^^^^^^^^^^^^^^^^
  File "D:\Agriculture-yield-prediction\backend\ml_models\crop_yield_model.py", line 58, in preprocess
    if isinstance(df['Year'].iloc[0], str) and '-' in df['Year'].iloc[0]:
                  ~~^^^^^^^^
  File "C:\Users\Hassan\AppData\Local\Programs\Python\Python312\Lib\site-packages\pandas\core\frame.py", line 4107, in __getitem__
    indexer = self.columns.get_loc(key)
              ^^^^^^^^^^^^^^^^^^^^^^^^^
  File "C:\Users\Hassan\AppData\Local\Programs\Python\Python312\Lib\site-packages\pandas\core\indexes\base.py", line 3819, in get_loc
    raise KeyError(key) from err
KeyError: 'Year'


Error: 'Year'
Data: {'Temparature': 0, 'Humidity': 0, 'Moisture': 0, 'Nitrogen': 0, 'Potassium': 0, 'Phosphorous': 0, 'Fertilizer Name': '', 'Soil Type': '', 'Crop Type': ''}
Traceback: Traceback (most recent call last):
  File "C:\Users\Hassan\AppData\Local\Programs\Python\Python312\Lib\site-packages\pandas\core\indexes\base.py", line 3812, in get_loc
    return self._engine.get_loc(casted_key)
           ^^^^^^^^^^^^^^^^^^^^^^^^^^^^^^^^
  File "pandas/_libs/index.pyx", line 167, in pandas._libs.index.IndexEngine.get_loc
  File "pandas/_libs/index.pyx", line 196, in pandas._libs.index.IndexEngine.get_loc
  File "pandas/_libs/hashtable_class_helper.pxi", line 7088, in pandas._libs.hashtable.PyObjectHashTable.get_item
  File "pandas/_libs/hashtable_class_helper.pxi", line 7096, in pandas._libs.hashtable.PyObjectHashTable.get_item
KeyError: 'Year'

The above exception was the direct cause of the following exception:

Traceback (most recent call last):
  File "D:\Agriculture-yield-prediction\backend\routes\predictions.py", line 37, in predict_yield
    predicted_yield = loader.predict_yield(data)
                      ^^^^^^^^^^^^^^^^^^^^^^^^^^
  File "D:\Agriculture-yield-prediction\backend\ml_models\model_loader.py", line 44, in predict_yield
    return self.yield_model.predict(input_data, self.yield_scaler)
           ^^^^^^^^^^^^^^^^^^^^^^^^^^^^^^^^^^^^^^^^^^^^^^^^^^^^^^^
  File "D:\Agriculture-yield-prediction\backend\ml_models\crop_yield_model.py", line 91, in predict
    df = self.preprocess(input_data, scaler)
         ^^^^^^^^^^^^^^^^^^^^^^^^^^^^^^^^^^^
  File "D:\Agriculture-yield-prediction\backend\ml_models\crop_yield_model.py", line 58, in preprocess
    if isinstance(df['Year'].iloc[0], str) and '-' in df['Year'].iloc[0]:
                  ~~^^^^^^^^
  File "C:\Users\Hassan\AppData\Local\Programs\Python\Python312\Lib\site-packages\pandas\core\frame.py", line 4107, in __getitem__
    indexer = self.columns.get_loc(key)
              ^^^^^^^^^^^^^^^^^^^^^^^^^
  File "C:\Users\Hassan\AppData\Local\Programs\Python\Python312\Lib\site-packages\pandas\core\indexes\base.py", line 3819, in get_loc
    raise KeyError(key) from err
KeyError: 'Year'


